  BattleCalc.cpp
e:\evonyage1battlecalc\battlecalc\combatsimulator.h(70): warning C4251: 'CombatSimulator::meleeTroopTypes': class 'std::array<int32_t,5>' needs to have dll-interface to be used by clients of class 'CombatSimulator'
  e:\evonyage1battlecalc\battlecalc\combatsimulator.h(70): note: see declaration of 'std::array<int32_t,5>'
e:\evonyage1battlecalc\battlecalc\combatsimulator.h(71): warning C4251: 'CombatSimulator::rangedTroopTypes': class 'std::array<int32_t,3>' needs to have dll-interface to be used by clients of class 'CombatSimulator'
  e:\evonyage1battlecalc\battlecalc\combatsimulator.h(71): note: see declaration of 'std::array<int32_t,3>'
e:\evonyage1battlecalc\battlecalc\combatsimulator.h(72): warning C4251: 'CombatSimulator::mechTroopTypes': class 'std::array<int32_t,3>' needs to have dll-interface to be used by clients of class 'CombatSimulator'
  e:\evonyage1battlecalc\battlecalc\combatsimulator.h(71): note: see declaration of 'std::array<int32_t,3>'
e:\evonyage1battlecalc\battlecalc\combatsimulator.h(73): warning C4251: 'CombatSimulator::groundTroopTypes': class 'std::array<int32_t,6>' needs to have dll-interface to be used by clients of class 'CombatSimulator'
  e:\evonyage1battlecalc\battlecalc\combatsimulator.h(73): note: see declaration of 'std::array<int32_t,6>'
e:\evonyage1battlecalc\battlecalc\combatsimulator.h(74): warning C4251: 'CombatSimulator::mountedTroopTypes': class 'std::array<int32_t,2>' needs to have dll-interface to be used by clients of class 'CombatSimulator'
  e:\evonyage1battlecalc\battlecalc\combatsimulator.h(74): note: see declaration of 'std::array<int32_t,2>'
e:\evonyage1battlecalc\battlecalc\battlecalc.cpp(51): warning C4838: conversion from 'double' to 'float' requires a narrowing conversion
e:\evonyage1battlecalc\battlecalc\battlecalc.cpp(51): warning C4305: 'initializing': truncation from 'double' to 'float'
e:\evonyage1battlecalc\battlecalc\battlecalc.cpp(54): warning C4244: '=': conversion from 'double' to 'float', possible loss of data
e:\evonyage1battlecalc\battlecalc\battlecalc.cpp(97): warning C4244: '=': conversion from 'double' to 'float', possible loss of data
e:\evonyage1battlecalc\battlecalc\battlecalc.cpp(98): warning C4244: '=': conversion from 'double' to 'float', possible loss of data
e:\evonyage1battlecalc\battlecalc\battlecalc.cpp(110): warning C4244: '=': conversion from 'float' to 'int', possible loss of data
e:\evonyage1battlecalc\battlecalc\battlecalc.cpp(160): warning C4244: '=': conversion from 'float' to 'int32_t', possible loss of data
e:\evonyage1battlecalc\battlecalc\battlecalc.cpp(174): warning C4244: '=': conversion from 'float' to 'int32_t', possible loss of data
e:\evonyage1battlecalc\battlecalc\battlecalc.cpp(198): warning C4244: '=': conversion from 'float' to 'int32_t', possible loss of data
e:\evonyage1battlecalc\battlecalc\battlecalc.cpp(212): warning C4244: '=': conversion from 'float' to 'int32_t', possible loss of data
e:\evonyage1battlecalc\battlecalc\battlecalc.cpp(232): warning C4244: '=': conversion from 'float' to 'int32_t', possible loss of data
e:\evonyage1battlecalc\battlecalc\battlecalc.cpp(282): warning C4244: '=': conversion from 'float' to 'int64_t', possible loss of data
e:\evonyage1battlecalc\battlecalc\battlecalc.cpp(292): warning C4244: '=': conversion from 'float' to 'int64_t', possible loss of data
e:\evonyage1battlecalc\battlecalc\battlecalc.cpp(308): warning C4244: '=': conversion from 'float' to 'int32_t', possible loss of data
e:\evonyage1battlecalc\battlecalc\battlecalc.cpp(362): warning C4244: '=': conversion from 'float' to 'int64_t', possible loss of data
e:\evonyage1battlecalc\battlecalc\battlecalc.cpp(372): warning C4244: '=': conversion from 'float' to 'int64_t', possible loss of data
e:\evonyage1battlecalc\battlecalc\battlecalc.cpp(144): warning C4101: 'damage': unreferenced local variable
e:\evonyage1battlecalc\battlecalc\battlecalc.cpp(139): warning C4101: 'atkerType': unreferenced local variable
e:\evonyage1battlecalc\battlecalc\battlecalc.cpp(145): warning C4101: 'damage1': unreferenced local variable
  BattleCalc.vcxproj -> E:\EvonyAge1BattleCalc\x64\Debug\BattleCalc.dll
